<?xml version="1.0" encoding="UTF-8"?>
<testsuite xmlns:xsi="http://www.w3.org/2001/XMLSchema-instance" xsi:noNamespaceSchemaLocation="https://maven.apache.org/surefire/maven-surefire-plugin/xsd/surefire-test-report.xsd" name="gmail.alexspush.test.TodoListTest" time="39.127" tests="7" errors="3" skipped="0" failures="1">
  <properties>
    <property name="sun.desktop" value="gnome"/>
    <property name="awt.toolkit" value="sun.awt.X11.XToolkit"/>
    <property name="file.encoding.pkg" value="sun.io"/>
    <property name="java.specification.version" value="1.8"/>
    <property name="sun.cpu.isalist" value=""/>
    <property name="sun.jnu.encoding" value="UTF-8"/>
    <property name="java.class.path" value="/home/senpay/private/layered-test-framework-example/target/test-classes:/home/senpay/private/layered-test-framework-example/target/classes:/home/senpay/.m2/repository/junit/junit/4.12/junit-4.12.jar:/home/senpay/.m2/repository/org/hamcrest/hamcrest-core/1.3/hamcrest-core-1.3.jar:/home/senpay/.m2/repository/com/codeborne/selenide/4.8/selenide-4.8.jar:/home/senpay/.m2/repository/io/github/bonigarcia/webdrivermanager/1.7.2/webdrivermanager-1.7.2.jar:/home/senpay/.m2/repository/org/slf4j/slf4j-api/1.7.24/slf4j-api-1.7.24.jar:/home/senpay/.m2/repository/commons-io/commons-io/2.5/commons-io-2.5.jar:/home/senpay/.m2/repository/com/typesafe/config/1.2.1/config-1.2.1.jar:/home/senpay/.m2/repository/org/apache/commons/commons-lang3/3.5/commons-lang3-3.5.jar:/home/senpay/.m2/repository/org/apache/httpcomponents/httpclient/4.5.3/httpclient-4.5.3.jar:/home/senpay/.m2/repository/org/rauschig/jarchivelib/0.7.1/jarchivelib-0.7.1.jar:/home/senpay/.m2/repository/org/apache/commons/commons-compress/1.9/commons-compress-1.9.jar:/home/senpay/.m2/repository/org/jsoup/jsoup/1.10.2/jsoup-1.10.2.jar:/home/senpay/.m2/repository/org/apache/httpcomponents/httpcore/4.4.7/httpcore-4.4.7.jar:/home/senpay/.m2/repository/org/seleniumhq/selenium/selenium-java/3.6.0/selenium-java-3.6.0.jar:/home/senpay/.m2/repository/org/seleniumhq/selenium/selenium-api/3.6.0/selenium-api-3.6.0.jar:/home/senpay/.m2/repository/org/seleniumhq/selenium/selenium-chrome-driver/3.6.0/selenium-chrome-driver-3.6.0.jar:/home/senpay/.m2/repository/org/seleniumhq/selenium/selenium-edge-driver/3.6.0/selenium-edge-driver-3.6.0.jar:/home/senpay/.m2/repository/org/seleniumhq/selenium/selenium-firefox-driver/3.6.0/selenium-firefox-driver-3.6.0.jar:/home/senpay/.m2/repository/org/seleniumhq/selenium/selenium-ie-driver/3.6.0/selenium-ie-driver-3.6.0.jar:/home/senpay/.m2/repository/org/seleniumhq/selenium/selenium-opera-driver/3.6.0/selenium-opera-driver-3.6.0.jar:/home/senpay/.m2/repository/org/seleniumhq/selenium/selenium-remote-driver/3.6.0/selenium-remote-driver-3.6.0.jar:/home/senpay/.m2/repository/org/seleniumhq/selenium/selenium-support/3.6.0/selenium-support-3.6.0.jar:/home/senpay/.m2/repository/net/bytebuddy/byte-buddy/1.7.5/byte-buddy-1.7.5.jar:/home/senpay/.m2/repository/org/apache/commons/commons-exec/1.3/commons-exec-1.3.jar:/home/senpay/.m2/repository/commons-logging/commons-logging/1.2/commons-logging-1.2.jar:/home/senpay/.m2/repository/net/java/dev/jna/jna/4.1.0/jna-4.1.0.jar:/home/senpay/.m2/repository/net/java/dev/jna/jna-platform/4.1.0/jna-platform-4.1.0.jar:/home/senpay/.m2/repository/com/google/code/gson/gson/2.8.2/gson-2.8.2.jar:/home/senpay/.m2/repository/com/google/guava/guava/23.0/guava-23.0.jar:/home/senpay/.m2/repository/com/google/code/findbugs/jsr305/1.3.9/jsr305-1.3.9.jar:/home/senpay/.m2/repository/com/google/errorprone/error_prone_annotations/2.0.18/error_prone_annotations-2.0.18.jar:/home/senpay/.m2/repository/com/google/j2objc/j2objc-annotations/1.1/j2objc-annotations-1.1.jar:/home/senpay/.m2/repository/org/codehaus/mojo/animal-sniffer-annotations/1.14/animal-sniffer-annotations-1.14.jar:/home/senpay/.m2/repository/net/lightbody/bmp/browsermob-core/2.1.5/browsermob-core-2.1.5.jar:/home/senpay/.m2/repository/net/lightbody/bmp/littleproxy/1.1.0-beta-bmp-17/littleproxy-1.1.0-beta-bmp-17.jar:/home/senpay/.m2/repository/com/fasterxml/jackson/core/jackson-core/2.8.9/jackson-core-2.8.9.jar:/home/senpay/.m2/repository/com/fasterxml/jackson/core/jackson-databind/2.8.9/jackson-databind-2.8.9.jar:/home/senpay/.m2/repository/com/fasterxml/jackson/core/jackson-annotations/2.8.9/jackson-annotations-2.8.9.jar:/home/senpay/.m2/repository/dnsjava/dnsjava/2.1.8/dnsjava-2.1.8.jar:/home/senpay/.m2/repository/org/slf4j/jcl-over-slf4j/1.7.25/jcl-over-slf4j-1.7.25.jar:/home/senpay/.m2/repository/com/jcraft/jzlib/1.1.3/jzlib-1.1.3.jar:/home/senpay/.m2/repository/io/netty/netty-all/4.0.51.Final/netty-all-4.0.51.Final.jar:/home/senpay/.m2/repository/org/bouncycastle/bcprov-jdk15on/1.58/bcprov-jdk15on-1.58.jar:/home/senpay/.m2/repository/org/bouncycastle/bcpkix-jdk15on/1.58/bcpkix-jdk15on-1.58.jar:/home/senpay/.m2/repository/net/lightbody/bmp/mitm/2.1.5/mitm-2.1.5.jar:/home/senpay/.m2/repository/com/codeborne/phantomjsdriver/1.4.3/phantomjsdriver-1.4.3.jar:/home/senpay/.m2/repository/commons-codec/commons-codec/1.10/commons-codec-1.10.jar:"/>
    <property name="java.vm.vendor" value="Oracle Corporation"/>
    <property name="sun.arch.data.model" value="64"/>
    <property name="java.vendor.url" value="http://java.oracle.com/"/>
    <property name="user.timezone" value=""/>
    <property name="java.vm.specification.version" value="1.8"/>
    <property name="os.name" value="Linux"/>
    <property name="user.country" value="US"/>
    <property name="sun.java.launcher" value="SUN_STANDARD"/>
    <property name="sun.boot.library.path" value="/usr/lib/jvm/java-8-openjdk-amd64/jre/lib/amd64"/>
    <property name="sun.java.command" value="/home/senpay/private/layered-test-framework-example/target/surefire/surefirebooter2469942276092977411.jar /home/senpay/private/layered-test-framework-example/target/surefire 2018-02-09T22-24-58_450-jvmRun1 surefire5008881041588528039tmp surefire_03457587851080952522tmp"/>
    <property name="surefire.test.class.path" value="/home/senpay/private/layered-test-framework-example/target/test-classes:/home/senpay/private/layered-test-framework-example/target/classes:/home/senpay/.m2/repository/junit/junit/4.12/junit-4.12.jar:/home/senpay/.m2/repository/org/hamcrest/hamcrest-core/1.3/hamcrest-core-1.3.jar:/home/senpay/.m2/repository/com/codeborne/selenide/4.8/selenide-4.8.jar:/home/senpay/.m2/repository/io/github/bonigarcia/webdrivermanager/1.7.2/webdrivermanager-1.7.2.jar:/home/senpay/.m2/repository/org/slf4j/slf4j-api/1.7.24/slf4j-api-1.7.24.jar:/home/senpay/.m2/repository/commons-io/commons-io/2.5/commons-io-2.5.jar:/home/senpay/.m2/repository/com/typesafe/config/1.2.1/config-1.2.1.jar:/home/senpay/.m2/repository/org/apache/commons/commons-lang3/3.5/commons-lang3-3.5.jar:/home/senpay/.m2/repository/org/apache/httpcomponents/httpclient/4.5.3/httpclient-4.5.3.jar:/home/senpay/.m2/repository/org/rauschig/jarchivelib/0.7.1/jarchivelib-0.7.1.jar:/home/senpay/.m2/repository/org/apache/commons/commons-compress/1.9/commons-compress-1.9.jar:/home/senpay/.m2/repository/org/jsoup/jsoup/1.10.2/jsoup-1.10.2.jar:/home/senpay/.m2/repository/org/apache/httpcomponents/httpcore/4.4.7/httpcore-4.4.7.jar:/home/senpay/.m2/repository/org/seleniumhq/selenium/selenium-java/3.6.0/selenium-java-3.6.0.jar:/home/senpay/.m2/repository/org/seleniumhq/selenium/selenium-api/3.6.0/selenium-api-3.6.0.jar:/home/senpay/.m2/repository/org/seleniumhq/selenium/selenium-chrome-driver/3.6.0/selenium-chrome-driver-3.6.0.jar:/home/senpay/.m2/repository/org/seleniumhq/selenium/selenium-edge-driver/3.6.0/selenium-edge-driver-3.6.0.jar:/home/senpay/.m2/repository/org/seleniumhq/selenium/selenium-firefox-driver/3.6.0/selenium-firefox-driver-3.6.0.jar:/home/senpay/.m2/repository/org/seleniumhq/selenium/selenium-ie-driver/3.6.0/selenium-ie-driver-3.6.0.jar:/home/senpay/.m2/repository/org/seleniumhq/selenium/selenium-opera-driver/3.6.0/selenium-opera-driver-3.6.0.jar:/home/senpay/.m2/repository/org/seleniumhq/selenium/selenium-remote-driver/3.6.0/selenium-remote-driver-3.6.0.jar:/home/senpay/.m2/repository/org/seleniumhq/selenium/selenium-support/3.6.0/selenium-support-3.6.0.jar:/home/senpay/.m2/repository/net/bytebuddy/byte-buddy/1.7.5/byte-buddy-1.7.5.jar:/home/senpay/.m2/repository/org/apache/commons/commons-exec/1.3/commons-exec-1.3.jar:/home/senpay/.m2/repository/commons-logging/commons-logging/1.2/commons-logging-1.2.jar:/home/senpay/.m2/repository/net/java/dev/jna/jna/4.1.0/jna-4.1.0.jar:/home/senpay/.m2/repository/net/java/dev/jna/jna-platform/4.1.0/jna-platform-4.1.0.jar:/home/senpay/.m2/repository/com/google/code/gson/gson/2.8.2/gson-2.8.2.jar:/home/senpay/.m2/repository/com/google/guava/guava/23.0/guava-23.0.jar:/home/senpay/.m2/repository/com/google/code/findbugs/jsr305/1.3.9/jsr305-1.3.9.jar:/home/senpay/.m2/repository/com/google/errorprone/error_prone_annotations/2.0.18/error_prone_annotations-2.0.18.jar:/home/senpay/.m2/repository/com/google/j2objc/j2objc-annotations/1.1/j2objc-annotations-1.1.jar:/home/senpay/.m2/repository/org/codehaus/mojo/animal-sniffer-annotations/1.14/animal-sniffer-annotations-1.14.jar:/home/senpay/.m2/repository/net/lightbody/bmp/browsermob-core/2.1.5/browsermob-core-2.1.5.jar:/home/senpay/.m2/repository/net/lightbody/bmp/littleproxy/1.1.0-beta-bmp-17/littleproxy-1.1.0-beta-bmp-17.jar:/home/senpay/.m2/repository/com/fasterxml/jackson/core/jackson-core/2.8.9/jackson-core-2.8.9.jar:/home/senpay/.m2/repository/com/fasterxml/jackson/core/jackson-databind/2.8.9/jackson-databind-2.8.9.jar:/home/senpay/.m2/repository/com/fasterxml/jackson/core/jackson-annotations/2.8.9/jackson-annotations-2.8.9.jar:/home/senpay/.m2/repository/dnsjava/dnsjava/2.1.8/dnsjava-2.1.8.jar:/home/senpay/.m2/repository/org/slf4j/jcl-over-slf4j/1.7.25/jcl-over-slf4j-1.7.25.jar:/home/senpay/.m2/repository/com/jcraft/jzlib/1.1.3/jzlib-1.1.3.jar:/home/senpay/.m2/repository/io/netty/netty-all/4.0.51.Final/netty-all-4.0.51.Final.jar:/home/senpay/.m2/repository/org/bouncycastle/bcprov-jdk15on/1.58/bcprov-jdk15on-1.58.jar:/home/senpay/.m2/repository/org/bouncycastle/bcpkix-jdk15on/1.58/bcpkix-jdk15on-1.58.jar:/home/senpay/.m2/repository/net/lightbody/bmp/mitm/2.1.5/mitm-2.1.5.jar:/home/senpay/.m2/repository/com/codeborne/phantomjsdriver/1.4.3/phantomjsdriver-1.4.3.jar:/home/senpay/.m2/repository/commons-codec/commons-codec/1.10/commons-codec-1.10.jar:"/>
    <property name="sun.cpu.endian" value="little"/>
    <property name="user.home" value="/home/senpay"/>
    <property name="user.language" value="en"/>
    <property name="java.specification.vendor" value="Oracle Corporation"/>
    <property name="java.home" value="/usr/lib/jvm/java-8-openjdk-amd64/jre"/>
    <property name="basedir" value="/home/senpay/private/layered-test-framework-example"/>
    <property name="file.separator" value="/"/>
    <property name="line.separator" value="&#10;"/>
    <property name="java.vm.specification.vendor" value="Oracle Corporation"/>
    <property name="java.specification.name" value="Java Platform API Specification"/>
    <property name="java.awt.graphicsenv" value="sun.awt.X11GraphicsEnvironment"/>
    <property name="surefire.real.class.path" value="/home/senpay/private/layered-test-framework-example/target/surefire/surefirebooter2469942276092977411.jar"/>
    <property name="sun.boot.class.path" value="/usr/lib/jvm/java-8-openjdk-amd64/jre/lib/resources.jar:/usr/lib/jvm/java-8-openjdk-amd64/jre/lib/rt.jar:/usr/lib/jvm/java-8-openjdk-amd64/jre/lib/sunrsasign.jar:/usr/lib/jvm/java-8-openjdk-amd64/jre/lib/jsse.jar:/usr/lib/jvm/java-8-openjdk-amd64/jre/lib/jce.jar:/usr/lib/jvm/java-8-openjdk-amd64/jre/lib/charsets.jar:/usr/lib/jvm/java-8-openjdk-amd64/jre/lib/jfr.jar:/usr/lib/jvm/java-8-openjdk-amd64/jre/classes"/>
    <property name="sun.management.compiler" value="HotSpot 64-Bit Tiered Compilers"/>
    <property name="java.runtime.version" value="1.8.0_151-8u151-b12-0ubuntu0.16.04.2-b12"/>
    <property name="user.name" value="senpay"/>
    <property name="path.separator" value=":"/>
    <property name="os.version" value="4.13.0-32-generic"/>
    <property name="java.endorsed.dirs" value="/usr/lib/jvm/java-8-openjdk-amd64/jre/lib/endorsed"/>
    <property name="java.runtime.name" value="OpenJDK Runtime Environment"/>
    <property name="file.encoding" value="UTF-8"/>
    <property name="java.vm.name" value="OpenJDK 64-Bit Server VM"/>
    <property name="localRepository" value="/home/senpay/.m2/repository"/>
    <property name="java.vendor.url.bug" value="http://bugreport.sun.com/bugreport/"/>
    <property name="java.io.tmpdir" value="/tmp"/>
    <property name="java.version" value="1.8.0_151"/>
    <property name="user.dir" value="/home/senpay/private/layered-test-framework-example"/>
    <property name="os.arch" value="amd64"/>
    <property name="java.vm.specification.name" value="Java Virtual Machine Specification"/>
    <property name="java.awt.printerjob" value="sun.print.PSPrinterJob"/>
    <property name="sun.os.patch.level" value="unknown"/>
    <property name="java.library.path" value="/usr/local/dev/idea/bin::/usr/java/packages/lib/amd64:/usr/lib/x86_64-linux-gnu/jni:/lib/x86_64-linux-gnu:/usr/lib/x86_64-linux-gnu:/usr/lib/jni:/lib:/usr/lib"/>
    <property name="java.vm.info" value="mixed mode"/>
    <property name="java.vendor" value="Oracle Corporation"/>
    <property name="java.vm.version" value="25.151-b12"/>
    <property name="java.ext.dirs" value="/usr/lib/jvm/java-8-openjdk-amd64/jre/lib/ext:/usr/java/packages/lib/ext"/>
    <property name="sun.io.unicode.encoding" value="UnicodeLittle"/>
    <property name="java.class.version" value="52.0"/>
  </properties>
  <testcase name="shouldBeAbleToMarkTodoItemAsCompleted" classname="gmail.alexspush.test.TodoListTest" time="4.459"/>
  <testcase name="shouldBeAbleToAddNewTodoItem" classname="gmail.alexspush.test.TodoListTest" time="3.028"/>
  <testcase name="shouldBeAbleToDeleteTodoItem" classname="gmail.alexspush.test.TodoListTest" time="4.888">
    <failure type="java.lang.AssertionError">java.lang.AssertionError
	at gmail.alexspush.test.TodoListTest.shouldBeAbleToDeleteTodoItem(TodoListTest.java:143)
</failure>
    <system-err><![CDATA[Starting ChromeDriver 2.35.528139 (47ead77cb35ad2a9a83248b292151462a66cd881) on port 30212
Only local connections are allowed.
Feb 09, 2018 10:25:06 PM org.openqa.selenium.remote.ProtocolHandshake createSession
INFO: Detected dialect: OSS
Feb 09, 2018 10:25:07 PM com.codeborne.selenide.webdriver.WebDriverFactory logBrowserVersion
INFO: BrowserName=chrome Version=64.0.3282.119 Platform=LINUX
Feb 09, 2018 10:25:07 PM com.codeborne.selenide.webdriver.WebDriverFactory createWebDriver
INFO: Selenide v. 4.8
Feb 09, 2018 10:25:07 PM com.codeborne.selenide.webdriver.WebDriverFactory logSeleniumInfo
INFO: Selenium WebDriver v. 3.6.0 build time: 2017-09-27T15:28:36.4Z
Feb 09, 2018 10:25:07 PM com.codeborne.selenide.impl.WebDriverThreadLocalContainer createDriver
INFO: Create webdriver in current thread 1: ChromeDriver -> ChromeDriver: chrome on LINUX (a91a6a904c543ba99a5d8699ed4978a5)
Feb 09, 2018 10:25:11 PM com.codeborne.selenide.impl.WebDriverThreadLocalContainer closeWebDriver
INFO: Close webdriver: 1 -> ChromeDriver: chrome on LINUX (a91a6a904c543ba99a5d8699ed4978a5)
Feb 09, 2018 10:25:11 PM com.codeborne.selenide.impl.WebDriverThreadLocalContainer$CloseBrowser run
INFO: Trying to close the browser ChromeDriver ...
]]></system-err>
  </testcase>
  <testcase name="shouldShowOnlyActiveItemsIfActiveFilterApplied" classname="gmail.alexspush.test.TodoListTest" time="2.761">
    <error type="java.lang.NullPointerException">java.lang.NullPointerException
	at gmail.alexspush.test.TodoListTest.shouldShowOnlyActiveItemsIfActiveFilterApplied(TodoListTest.java:169)
</error>
    <system-err><![CDATA[Starting ChromeDriver 2.35.528139 (47ead77cb35ad2a9a83248b292151462a66cd881) on port 14807
Only local connections are allowed.
Feb 09, 2018 10:25:11 PM org.openqa.selenium.remote.ProtocolHandshake createSession
INFO: Detected dialect: OSS
Feb 09, 2018 10:25:11 PM com.codeborne.selenide.webdriver.WebDriverFactory logBrowserVersion
INFO: BrowserName=chrome Version=64.0.3282.119 Platform=LINUX
Feb 09, 2018 10:25:11 PM com.codeborne.selenide.webdriver.WebDriverFactory createWebDriver
INFO: Selenide v. 4.8
Feb 09, 2018 10:25:11 PM com.codeborne.selenide.webdriver.WebDriverFactory logSeleniumInfo
INFO: Selenium WebDriver v. 3.6.0 build time: 2017-09-27T15:28:36.4Z
Feb 09, 2018 10:25:11 PM com.codeborne.selenide.impl.WebDriverThreadLocalContainer createDriver
INFO: Create webdriver in current thread 1: ChromeDriver -> ChromeDriver: chrome on LINUX (b6c34b19dd12a8134532a8ed68d6bc4c)
Feb 09, 2018 10:25:14 PM com.codeborne.selenide.impl.WebDriverThreadLocalContainer closeWebDriver
INFO: Close webdriver: 1 -> ChromeDriver: chrome on LINUX (b6c34b19dd12a8134532a8ed68d6bc4c)
Feb 09, 2018 10:25:14 PM com.codeborne.selenide.impl.WebDriverThreadLocalContainer$CloseBrowser run
INFO: Trying to close the browser ChromeDriver ...
]]></system-err>
  </testcase>
  <testcase name="shouldShowOnlyCompletedItemsIfCompletedFilterApplied" classname="gmail.alexspush.test.TodoListTest" time="6.787">
    <error type="java.lang.NullPointerException">java.lang.NullPointerException
	at gmail.alexspush.test.TodoListTest.shouldShowOnlyCompletedItemsIfCompletedFilterApplied(TodoListTest.java:189)
</error>
    <system-err><![CDATA[Starting ChromeDriver 2.35.528139 (47ead77cb35ad2a9a83248b292151462a66cd881) on port 3677
Only local connections are allowed.
Feb 09, 2018 10:25:14 PM org.openqa.selenium.remote.ProtocolHandshake createSession
INFO: Detected dialect: OSS
Feb 09, 2018 10:25:14 PM com.codeborne.selenide.webdriver.WebDriverFactory logBrowserVersion
INFO: BrowserName=chrome Version=64.0.3282.119 Platform=LINUX
Feb 09, 2018 10:25:14 PM com.codeborne.selenide.webdriver.WebDriverFactory createWebDriver
INFO: Selenide v. 4.8
Feb 09, 2018 10:25:14 PM com.codeborne.selenide.webdriver.WebDriverFactory logSeleniumInfo
INFO: Selenium WebDriver v. 3.6.0 build time: 2017-09-27T15:28:36.4Z
Feb 09, 2018 10:25:14 PM com.codeborne.selenide.impl.WebDriverThreadLocalContainer createDriver
INFO: Create webdriver in current thread 1: ChromeDriver -> ChromeDriver: chrome on LINUX (42db369f1e1ed392ba631917fa6757e1)
Feb 09, 2018 10:25:20 PM com.codeborne.selenide.impl.WebDriverThreadLocalContainer closeWebDriver
INFO: Close webdriver: 1 -> ChromeDriver: chrome on LINUX (42db369f1e1ed392ba631917fa6757e1)
Feb 09, 2018 10:25:20 PM com.codeborne.selenide.impl.WebDriverThreadLocalContainer$CloseBrowser run
INFO: Trying to close the browser ChromeDriver ...
]]></system-err>
  </testcase>
  <testcase name="shouldShowAllItemsIfNoFilterApplied" classname="gmail.alexspush.test.TodoListTest" time="3.956">
    <error type="java.lang.NullPointerException">java.lang.NullPointerException
	at gmail.alexspush.test.TodoListTest.shouldShowAllItemsIfNoFilterApplied(TodoListTest.java:208)
</error>
    <system-err><![CDATA[Starting ChromeDriver 2.35.528139 (47ead77cb35ad2a9a83248b292151462a66cd881) on port 4663
Only local connections are allowed.
Feb 09, 2018 10:25:21 PM org.openqa.selenium.remote.ProtocolHandshake createSession
INFO: Detected dialect: OSS
Feb 09, 2018 10:25:21 PM com.codeborne.selenide.webdriver.WebDriverFactory logBrowserVersion
INFO: BrowserName=chrome Version=64.0.3282.119 Platform=LINUX
Feb 09, 2018 10:25:21 PM com.codeborne.selenide.webdriver.WebDriverFactory createWebDriver
INFO: Selenide v. 4.8
Feb 09, 2018 10:25:21 PM com.codeborne.selenide.webdriver.WebDriverFactory logSeleniumInfo
INFO: Selenium WebDriver v. 3.6.0 build time: 2017-09-27T15:28:36.4Z
Feb 09, 2018 10:25:21 PM com.codeborne.selenide.impl.WebDriverThreadLocalContainer createDriver
INFO: Create webdriver in current thread 1: ChromeDriver -> ChromeDriver: chrome on LINUX (fb78be13e8ece922fd21609cccdd8885)
Feb 09, 2018 10:25:24 PM com.codeborne.selenide.impl.WebDriverThreadLocalContainer closeWebDriver
INFO: Close webdriver: 1 -> ChromeDriver: chrome on LINUX (fb78be13e8ece922fd21609cccdd8885)
Feb 09, 2018 10:25:24 PM com.codeborne.selenide.impl.WebDriverThreadLocalContainer$CloseBrowser run
INFO: Trying to close the browser ChromeDriver ...
]]></system-err>
  </testcase>
  <testcase name="shouldBeAbleToUnMarkTodoItemAsCompleted" classname="gmail.alexspush.test.TodoListTest" time="13.208"/>
</testsuite>